<?xml version="1.0" encoding="UTF-8"?>
<!-- Generated by org.testng.reporters.JUnitXMLReporter -->
<testsuite hostname="Mayur" ignored="0" name="Default test" tests="2" failures="2" timestamp="2023-12-21T15:09:10 IST" time="1.688" errors="0">
  <testcase name="runScenario" time="0.714" classname="io.cucumber.testng.AbstractTestNGCucumberTests">
    <failure type="java.lang.NullPointerException">
      <![CDATA[java.lang.NullPointerException
at stepdefinition.Amazon_Search_Phone_TestCase.user_already_in_home_page(Amazon_Search_Phone_TestCase.java:28)
at ✽.the user is on the home page(file:///C:/Users/mayur/OneDrive/Desktop/Program/Amazon/src/test/resources/features/Amazon.feature:4)
]]>
    </failure>
  </testcase> <!-- runScenario -->
  <testcase name="runScenario" time="0.039" classname="io.cucumber.testng.AbstractTestNGCucumberTests">
    <failure type="java.lang.NullPointerException">
      <![CDATA[java.lang.NullPointerException
at stepdefinition.Amazion_Register_TestCase.the_user_is_on_the_registration_page(Amazion_Register_TestCase.java:24)
at ✽.the user is on the registration page(file:///C:/Users/mayur/OneDrive/Desktop/Program/Amazon/src/test/resources/features/Amazon_Registration.feature:4)
]]>
    </failure>
  </testcase> <!-- runScenario -->
</testsuite> <!-- Default test -->
